<?xml version="1.0" encoding="utf-8"?><testsuites name="pytest tests"><testsuite name="pytest" errors="0" failures="0" skipped="0" tests="14" time="5.636" timestamp="2026-04-25T00:01:57.780159+00:00" hostname="agent-env-126e4e15-1388-4e6a-800f-c040f8557621"><testcase classname="backend.tests.test_match_multi" name="test_create_stroke_3_players_pending" time="1.517" /><testcase classname="backend.tests.test_match_multi" name="test_reject_self_invite" time="0.122" /><testcase classname="backend.tests.test_match_multi" name="test_reject_match_play_with_3" time="0.116" /><testcase classname="backend.tests.test_match_multi" name="test_reject_best_ball_no_teams" time="0.101" /><testcase classname="backend.tests.test_match_multi" name="test_reject_best_ball_bad_teams" time="0.104" /><testcase classname="backend.tests.test_match_multi" name="test_reject_too_many_players" time="0.105" /><testcase classname="backend.tests.test_match_multi" name="test_active_list_visible_to_all_invited" time="0.342" /><testcase classname="backend.tests.test_match_multi" name="test_get_match_detail_slim" time="0.122" /><testcase classname="backend.tests.test_match_multi" name="test_buddy_accepts_match_goes_active" time="0.127" /><testcase classname="backend.tests.test_match_multi" name="test_stroke_result_lowest_wins" time="0.592" /><testcase classname="backend.tests.test_match_multi" name="test_match_play_result" time="0.593" /><testcase classname="backend.tests.test_match_multi" name="test_best_ball_result" time="1.158" /><testcase classname="backend.tests.test_match_multi" name="test_decline_all_cancels" time="0.396" /><testcase classname="backend.tests.test_match_multi" name="test_legacy_1v1_endpoints_alive" time="0.114" /></testsuite></testsuites>