<?xml version="1.0" encoding="utf-8"?><testsuites name="pytest tests"><testsuite name="pytest" errors="0" failures="0" skipped="0" tests="10" time="0.740" timestamp="2026-04-22T16:24:22.059170+00:00" hostname="agent-env-cd7d0ea5-42c0-43a7-ae8b-0f4697b3590d"><testcase classname="backend.tests.test_match_play_random_scorer.TestMatchPlay" name="test_create_match_play" time="0.233" /><testcase classname="backend.tests.test_match_play_random_scorer.TestMatchPlay" name="test_generate_bracket_rejects_under_2" time="0.014" /><testcase classname="backend.tests.test_match_play_random_scorer.TestMatchPlay" name="test_full_bracket_5_players_with_bye_and_advance" time="0.076" /><testcase classname="backend.tests.test_match_play_random_scorer.TestMatchPlay" name="test_per_hole_points_tie_and_partial" time="0.019" /><testcase classname="backend.tests.test_match_play_random_scorer.TestRandomScorer" name="test_create_random_scorer" time="0.005" /><testcase classname="backend.tests.test_match_play_random_scorer.TestRandomScorer" name="test_shuffle_under_2_rejected" time="0.012" /><testcase classname="backend.tests.test_match_play_random_scorer.TestRandomScorer" name="test_shuffle_4_players_derangement" time="0.033" /><testcase classname="backend.tests.test_match_play_random_scorer.TestRandomScorer" name="test_keeper_enforces_assignment" time="0.275" /><testcase classname="backend.tests.test_match_play_random_scorer.TestRegressions" name="test_individual_create" time="0.005" /><testcase classname="backend.tests.test_match_play_random_scorer.TestRegressions" name="test_best_ball_create" time="0.005" /></testsuite></testsuites>