<?xml version="1.0" encoding="utf-8"?><testsuites name="pytest tests"><testsuite name="pytest" errors="0" failures="0" skipped="2" tests="22" time="1.455" timestamp="2026-04-22T21:18:32.694588+00:00" hostname="agent-env-cd7d0ea5-42c0-43a7-ae8b-0f4697b3590d"><testcase classname="backend.tests.test_phase13_tours_notifications.TestAuth" name="test_admin_login" time="0.231" /><testcase classname="backend.tests.test_phase13_tours_notifications.TestAuth" name="test_admin_me" time="0.003" /><testcase classname="backend.tests.test_phase13_tours_notifications.TestRegressionLists" name="test_get_tournaments" time="0.004" /><testcase classname="backend.tests.test_phase13_tours_notifications.TestRegressionLists" name="test_get_tours" time="0.004" /><testcase classname="backend.tests.test_phase13_tours_notifications.TestRegressionLists" name="test_get_courses" time="0.002" /><testcase classname="backend.tests.test_phase13_tours_notifications.TestToursCrud" name="test_create_tour" time="0.005" /><testcase classname="backend.tests.test_phase13_tours_notifications.TestToursCrud" name="test_update_tour" time="0.009" /><testcase classname="backend.tests.test_phase13_tours_notifications.TestToursCrud" name="test_delete_tour_and_rounds" time="0.006" /><testcase classname="backend.tests.test_phase13_tours_notifications.TestUsersSearch" name="test_search_requires_auth" time="0.001" /><testcase classname="backend.tests.test_phase13_tours_notifications.TestUsersSearch" name="test_search_empty_returns_empty_array" time="0.002" /><testcase classname="backend.tests.test_phase13_tours_notifications.TestUsersSearch" name="test_search_admin" time="0.002" /><testcase classname="backend.tests.test_phase13_tours_notifications.TestUsersSearch" name="test_search_by_email_prefix" time="0.239" /><testcase classname="backend.tests.test_phase13_tours_notifications.TestTourInvitesAndNotifications" name="test_create_invite_without_target" time="0.013" /><testcase classname="backend.tests.test_phase13_tours_notifications.TestTourInvitesAndNotifications" name="test_create_invite_with_target_user_creates_notification" time="0.328" /><testcase classname="backend.tests.test_phase13_tours_notifications.TestTourInvitesAndNotifications" name="test_update_and_delete_invite" time="0.019" /><testcase classname="backend.tests.test_phase13_tours_notifications.TestTourInvitesAndNotifications" name="test_mark_all_read" time="0.325" /><testcase classname="backend.tests.test_phase13_tours_notifications.TestInvitePreviewAndAccept" name="test_preview_personal_invite_unauthenticated" time="0.011" /><testcase classname="backend.tests.test_phase13_tours_notifications.TestInvitePreviewAndAccept" name="test_preview_general_tour_invite_code" time="0.008" /><testcase classname="backend.tests.test_phase13_tours_notifications.TestInvitePreviewAndAccept" name="test_accept_personal_invite_applies_course_and_marks_accepted" time="0.020" /><testcase classname="backend.tests.test_phase13_tours_notifications.TestTourJoinInheritsCourse" name="test_join_inherits_suggested_course" time="0.015" /><testcase classname="backend.tests.test_phase13_tours_notifications.TestPhase12Regression" name="test_match_play_bracket_generate" time="0.002"><skipped type="pytest.skip" message="tournament create shape changed: 422 {&quot;detail&quot;:[{&quot;type&quot;:&quot;missing&quot;,&quot;loc&quot;:[&quot;body&quot;,&quot;name&quot;],&quot;msg&quot;:&quot;Field required&quot;,&quot;input&quot;:{&quot;tournament_name&quot;:&quot;TEST MP c4fd&quot;,&quot;course_name&quot;:&quot;Test Course&quot;,&quot;format&quot;:&quot;match_play&quot;,&quot;num_holes&quot;:18,&quot;pars&quot;:[4,4,4,4,4,4">/app/backend/tests/test_phase13_tours_notifications.py:485: tournament create shape changed: 422 {"detail":[{"type":"missing","loc":["body","name"],"msg":"Field required","input":{"tournament_name":"TEST MP c4fd","course_name":"Test Course","format":"match_play","num_holes":18,"pars":[4,4,4,4,4,4</skipped></testcase><testcase classname="backend.tests.test_phase13_tours_notifications.TestPhase12Regression" name="test_keeper_random_scorer_rejects_non_assigned" time="0.002"><skipped type="pytest.skip" message="tournament create shape changed: 422 {&quot;detail&quot;:[{&quot;type&quot;:&quot;missing&quot;,&quot;loc&quot;:[&quot;body&quot;,&quot;name&quot;],&quot;msg&quot;:&quot;Field required&quot;,&quot;input&quot;:{&quot;tournament_name&quot;:&quot;TEST RS 133b&quot;,&quot;course_name&quot;:&quot;Test&quot;,&quot;format&quot;:&quot;random_scorer&quot;,&quot;num_holes&quot;:9,&quot;pars&quot;:[4,4,4,4,4,4,4,4,">/app/backend/tests/test_phase13_tours_notifications.py:533: tournament create shape changed: 422 {"detail":[{"type":"missing","loc":["body","name"],"msg":"Field required","input":{"tournament_name":"TEST RS 133b","course_name":"Test","format":"random_scorer","num_holes":9,"pars":[4,4,4,4,4,4,4,4,</skipped></testcase></testsuite></testsuites>