<?xml version="1.0" encoding="utf-8"?><testsuites name="pytest tests"><testsuite name="pytest" errors="0" failures="0" skipped="0" tests="8" time="2.640" timestamp="2026-04-24T22:48:51.332302+00:00" hostname="agent-env-126e4e15-1388-4e6a-800f-c040f8557621"><testcase classname="backend.tests.test_1v1_match" name="test_create_1v1_match" time="0.852" /><testcase classname="backend.tests.test_1v1_match" name="test_create_1v1_reject_self" time="0.115" /><testcase classname="backend.tests.test_1v1_match" name="test_create_1v1_reject_duplicate" time="0.119" /><testcase classname="backend.tests.test_1v1_match" name="test_list_active_1v1" time="0.213" /><testcase classname="backend.tests.test_1v1_match" name="test_get_1v1_detail" time="0.122" /><testcase classname="backend.tests.test_1v1_match" name="test_decline_flow" time="0.229" /><testcase classname="backend.tests.test_1v1_match" name="test_mirror_creates_scorecards_and_completes" time="0.470" /><testcase classname="backend.tests.test_1v1_match" name="test_create_and_decline" time="0.322" /></testsuite></testsuites>