<?xml version="1.0" encoding="utf-8"?><testsuites name="pytest tests"><testsuite name="pytest" errors="0" failures="0" skipped="0" tests="19" time="8.628" timestamp="2026-04-15T21:45:43.904358+00:00" hostname="agent-env-f85f31b5-3d67-43af-82a1-0fcbe0179a01"><testcase classname="backend.tests.test_privacy_visibility.TestAuthSetup" name="test_admin_login" time="0.709" /><testcase classname="backend.tests.test_privacy_visibility.TestTournamentVisibility" name="test_create_private_tournament_default" time="0.687" /><testcase classname="backend.tests.test_privacy_visibility.TestTournamentVisibility" name="test_create_public_tournament" time="0.147" /><testcase classname="backend.tests.test_privacy_visibility.TestTournamentVisibility" name="test_list_tournaments_unauthenticated_only_public" time="0.448" /><testcase classname="backend.tests.test_privacy_visibility.TestTournamentVisibility" name="test_list_tournaments_admin_sees_all" time="0.185" /><testcase classname="backend.tests.test_privacy_visibility.TestTournamentVisibility" name="test_get_tournament_by_invite_code" time="0.348" /><testcase classname="backend.tests.test_privacy_visibility.TestTournamentVisibility" name="test_invalid_invite_code_returns_404" time="0.174" /><testcase classname="backend.tests.test_privacy_visibility.TestLeaderboardAccessControl" name="test_leaderboard_public_tournament_no_auth" time="0.921" /><testcase classname="backend.tests.test_privacy_visibility.TestLeaderboardAccessControl" name="test_leaderboard_private_tournament_403_no_auth" time="0.315" /><testcase classname="backend.tests.test_privacy_visibility.TestLeaderboardAccessControl" name="test_leaderboard_private_tournament_403_non_participant" time="0.821" /><testcase classname="backend.tests.test_privacy_visibility.TestLeaderboardAccessControl" name="test_leaderboard_private_tournament_admin_access" time="0.319" /><testcase classname="backend.tests.test_privacy_visibility.TestChallengeVisibility" name="test_create_challenge_with_visibility_and_invite_code" time="0.887" /><testcase classname="backend.tests.test_privacy_visibility.TestChallengeVisibility" name="test_list_challenges_unauthenticated_empty" time="0.165" /><testcase classname="backend.tests.test_privacy_visibility.TestChallengeVisibility" name="test_list_challenges_logged_in_sees_own" time="0.286" /><testcase classname="backend.tests.test_privacy_visibility.TestChallengeVisibility" name="test_get_challenge_by_invite_code" time="0.297" /><testcase classname="backend.tests.test_privacy_visibility.TestTourVisibility" name="test_create_tour_with_visibility_and_invite_code" time="0.700" /><testcase classname="backend.tests.test_privacy_visibility.TestTourVisibility" name="test_create_public_tour" time="0.148" /><testcase classname="backend.tests.test_privacy_visibility.TestTourVisibility" name="test_list_tours_visibility_filtering" time="0.591" /><testcase classname="backend.tests.test_privacy_visibility.TestTourVisibility" name="test_get_tour_by_invite_code" time="0.298" /></testsuite></testsuites>