<?xml version="1.0" encoding="utf-8"?><testsuites name="pytest tests"><testsuite name="pytest" errors="0" failures="0" skipped="0" tests="14" time="5.763" timestamp="2026-04-15T22:14:26.504886+00:00" hostname="agent-env-f85f31b5-3d67-43af-82a1-0fcbe0179a01"><testcase classname="backend.tests.test_tournament_feed.TestFeedUpload" name="test_admin_can_upload_photo" time="1.006" /><testcase classname="backend.tests.test_tournament_feed.TestFeedUpload" name="test_admin_can_upload_photo_without_caption" time="0.356" /><testcase classname="backend.tests.test_tournament_feed.TestFeedUpload" name="test_non_participant_cannot_upload" time="0.553" /><testcase classname="backend.tests.test_tournament_feed.TestFeedUpload" name="test_participant_can_upload" time="0.447" /><testcase classname="backend.tests.test_tournament_feed.TestFeedUpload" name="test_upload_to_nonexistent_tournament" time="0.147" /><testcase classname="backend.tests.test_tournament_feed.TestFeedUpload" name="test_unauthenticated_cannot_upload" time="0.173" /><testcase classname="backend.tests.test_tournament_feed.TestFeedRetrieval" name="test_get_feed_returns_photos_sorted_newest_first" time="0.169" /><testcase classname="backend.tests.test_tournament_feed.TestFeedRetrieval" name="test_feed_photo_has_required_fields" time="0.148" /><testcase classname="backend.tests.test_tournament_feed.TestFeedRetrieval" name="test_private_tournament_feed_requires_auth" time="0.151" /><testcase classname="backend.tests.test_tournament_feed.TestFeedRetrieval" name="test_private_tournament_feed_requires_participant" time="0.542" /><testcase classname="backend.tests.test_tournament_feed.TestPhotoServing" name="test_get_photo_returns_image_binary" time="0.806" /><testcase classname="backend.tests.test_tournament_feed.TestPhotoServing" name="test_get_nonexistent_photo_returns_404" time="0.141" /><testcase classname="backend.tests.test_tournament_feed.TestPhotoServing" name="test_photo_endpoint_is_public" time="0.614" /><testcase classname="backend.tests.test_tournament_feed.TestPublicTournamentFeed" name="test_public_tournament_feed_accessible_without_auth" time="0.436" /></testsuite></testsuites>