<?xml version="1.0" encoding="utf-8"?><testsuites name="pytest tests"><testsuite name="pytest" errors="0" failures="0" skipped="0" tests="5" time="1.711" timestamp="2026-04-21T19:12:41.246181+00:00" hostname="agent-env-fc94a9cf-0520-4e46-8ff3-98611b3449cb"><testcase classname="backend.tests.test_log_round.TestLogRoundPersistsRound" name="test_log_round_inserts_into_rounds_and_returns_round_id" time="0.907" /><testcase classname="backend.tests.test_log_round.TestLogRoundPersistsRound" name="test_log_round_processes_birdies" time="0.129" /><testcase classname="backend.tests.test_log_round.TestLogRoundPersistsRound" name="test_log_round_no_played_holes_returns_no_round" time="0.134" /><testcase classname="backend.tests.test_log_round.TestPostRoundsUnchanged" name="test_post_rounds_personal_save_and_retrieve" time="0.265" /><testcase classname="backend.tests.test_log_round.TestProfileStats" name="test_profile_stats_endpoint_works" time="0.120" /></testsuite></testsuites>